# JRE version: OpenJDK Runtime Environment Temurin-21.0.10+7 (21.0.10+7) (build 21.0.10+7-LTS)
# Java VM: OpenJDK 64-Bit Server VM Temurin-21.0.10+7 (21.0.10+7-LTS, mixed mode, sharing, tiered, compressed oops, compressed class ptrs, parallel gc, windows-amd64)
GC Precious Log:
 CardTable entry size: 512
 CPUs: 8 total, 8 available
 Memory: 7959M
 Large Page Support: Disabled
 NUMA Support: Disabled
 Compressed Oops: Enabled (32-bit)
 Alignments: Space 512K, Generation 512K, Heap 2M
 Heap Min Capacity: 100M
 Heap Initial Capacity: 100M
 Heap Max Capacity: 2G
 Pre-touch: Disabled
 Parallel Workers: 8
Heap:
 PSYoungGen      total 12800K, used 9788K [0x00000000d5580000, 0x00000000d6f00000, 0x0000000100000000)
  eden space 9728K, 69% used [0x00000000d5580000,0x00000000d5c14468,0x00000000d5f00000)
  from space 3072K, 99% used [0x00000000d6080000,0x00000000d637af70,0x00000000d6380000)
  to   space 8192K, 0% used [0x00000000d6700000,0x00000000d6700000,0x00000000d6f00000)
 ParOldGen       total 922112K, used 472797K [0x0000000080000000, 0x00000000b8480000, 0x00000000d5580000)
  object space 922112K, 51% used [0x0000000080000000,0x000000009cdb7670,0x00000000b8480000)
 Metaspace       used 91891K, committed 93696K, reserved 1179648K
  class space    used 9652K, committed 10496K, reserved 1048576K
GC Heap History (20 events):
Event: 776.132 GC heap before
{Heap before GC invocations=2060 (full 4):
 PSYoungGen      total 10752K, used 10448K [0x00000000d5580000, 0x00000000d6200000, 0x0000000100000000)
  eden space 9728K, 100% used [0x00000000d5580000,0x00000000d5f00000,0x00000000d5f00000)
  from space 1024K, 70% used [0x00000000d5f00000,0x00000000d5fb4030,0x00000000d6000000)
  to   space 1536K, 0% used [0x00000000d6080000,0x00000000d6080000,0x00000000d6200000)
 ParOldGen       total 922112K, used 461651K [0x0000000080000000, 0x00000000b8480000, 0x00000000d5580000)
  object space 922112K, 50% used [0x0000000080000000,0x000000009c2d4eb0,0x00000000b8480000)
 Metaspace       used 90968K, committed 92736K, reserved 1179648K
  class space    used 9599K, committed 10368K, reserved 1048576K
}
Event: 776.139 GC heap after
{Heap after GC invocations=2060 (full 4):
 PSYoungGen      total 10752K, used 960K [0x00000000d5580000, 0x00000000d6180000, 0x0000000100000000)
  eden space 9728K, 0% used [0x00000000d5580000,0x00000000d5580000,0x00000000d5f00000)
  from space 1024K, 93% used [0x00000000d6080000,0x00000000d6170020,0x00000000d6180000)
  to   space 1024K, 0% used [0x00000000d5f00000,0x00000000d5f00000,0x00000000d6000000)
 ParOldGen       total 922112K, used 462019K [0x0000000080000000, 0x00000000b8480000, 0x00000000d5580000)
  object space 922112K, 50% used [0x0000000080000000,0x000000009c330eb0,0x00000000b8480000)
 Metaspace       used 90968K, committed 92736K, reserved 1179648K
  class space    used 9599K, committed 10368K, reserved 1048576K
}
Event: 776.211 GC heap before
{Heap before GC invocations=2061 (full 4):
 PSYoungGen      total 10752K, used 10688K [0x00000000d5580000, 0x00000000d6180000, 0x0000000100000000)
  eden space 9728K, 100% used [0x00000000d5580000,0x00000000d5f00000,0x00000000d5f00000)
  from space 1024K, 93% used [0x00000000d6080000,0x00000000d6170020,0x00000000d6180000)
  to   space 1024K, 0% used [0x00000000d5f00000,0x00000000d5f00000,0x00000000d6000000)
 ParOldGen       total 922112K, used 462019K [0x0000000080000000, 0x00000000b8480000, 0x00000000d5580000)
  object space 922112K, 50% used [0x0000000080000000,0x000000009c330eb0,0x00000000b8480000)
 Metaspace       used 90974K, committed 92736K, reserved 1179648K
  class space    used 9599K, committed 10368K, reserved 1048576K
}
Event: 776.216 GC heap after
{Heap after GC invocations=2061 (full 4):
 PSYoungGen      total 10752K, used 960K [0x00000000d5580000, 0x00000000d6100000, 0x0000000100000000)
  eden space 9728K, 0% used [0x00000000d5580000,0x00000000d5580000,0x00000000d5f00000)
  from space 1024K, 93% used [0x00000000d5f00000,0x00000000d5ff0020,0x00000000d6000000)
  to   space 1024K, 0% used [0x00000000d6000000,0x00000000d6000000,0x00000000d6100000)
 ParOldGen       total 922112K, used 462691K [0x0000000080000000, 0x00000000b8480000, 0x00000000d5580000)
  object space 922112K, 50% used [0x0000000080000000,0x000000009c3d8eb0,0x00000000b8480000)
 Metaspace       used 90974K, committed 92736K, reserved 1179648K
  class space    used 9599K, committed 10368K, reserved 1048576K
}
Event: 776.476 GC heap before
{Heap before GC invocations=2062 (full 4):
 PSYoungGen      total 10752K, used 10646K [0x00000000d5580000, 0x00000000d6100000, 0x0000000100000000)
  eden space 9728K, 99% used [0x00000000d5580000,0x00000000d5ef5b78,0x00000000d5f00000)
  from space 1024K, 93% used [0x00000000d5f00000,0x00000000d5ff0020,0x00000000d6000000)
  to   space 1024K, 0% used [0x00000000d6000000,0x00000000d6000000,0x00000000d6100000)
 ParOldGen       total 922112K, used 462691K [0x0000000080000000, 0x00000000b8480000, 0x00000000d5580000)
  object space 922112K, 50% used [0x0000000080000000,0x000000009c3d8eb0,0x00000000b8480000)
 Metaspace       used 90998K, committed 92736K, reserved 1179648K
  class space    used 9599K, committed 10368K, reserved 1048576K
}
Event: 776.479 GC heap after
{Heap after GC invocations=2062 (full 4):
 PSYoungGen      total 10752K, used 448K [0x00000000d5580000, 0x00000000d6100000, 0x0000000100000000)
  eden space 9728K, 0% used [0x00000000d5580000,0x00000000d5580000,0x00000000d5f00000)
  from space 1024K, 43% used [0x00000000d6000000,0x00000000d6070000,0x00000000d6100000)
  to   space 1024K, 0% used [0x00000000d5f00000,0x00000000d5f00000,0x00000000d6000000)
 ParOldGen       total 922112K, used 463283K [0x0000000080000000, 0x00000000b8480000, 0x00000000d5580000)
  object space 922112K, 50% used [0x0000000080000000,0x000000009c46cc60,0x00000000b8480000)
 Metaspace       used 90998K, committed 92736K, reserved 1179648K
  class space    used 9599K, committed 10368K, reserved 1048576K
}
Event: 776.799 GC heap before
{Heap before GC invocations=2063 (full 4):
 PSYoungGen      total 10752K, used 10176K [0x00000000d5580000, 0x00000000d6100000, 0x0000000100000000)
  eden space 9728K, 100% used [0x00000000d5580000,0x00000000d5f00000,0x00000000d5f00000)
  from space 1024K, 43% used [0x00000000d6000000,0x00000000d6070000,0x00000000d6100000)
  to   space 1024K, 0% used [0x00000000d5f00000,0x00000000d5f00000,0x00000000d6000000)
 ParOldGen       total 922112K, used 463283K [0x0000000080000000, 0x00000000b8480000, 0x00000000d5580000)
  object space 922112K, 50% used [0x0000000080000000,0x000000009c46cc60,0x00000000b8480000)
 Metaspace       used 91002K, committed 92800K, reserved 1179648K
  class space    used 9601K, committed 10432K, reserved 1048576K
}
Event: 776.803 GC heap after
{Heap after GC invocations=2063 (full 4):
 PSYoungGen      total 10752K, used 256K [0x00000000d5580000, 0x00000000d6080000, 0x0000000100000000)
  eden space 9728K, 0% used [0x00000000d5580000,0x00000000d5580000,0x00000000d5f00000)
  from space 1024K, 25% used [0x00000000d5f00000,0x00000000d5f40000,0x00000000d6000000)
  to   space 512K, 0% used [0x00000000d6000000,0x00000000d6000000,0x00000000d6080000)
 ParOldGen       total 922112K, used 463547K [0x0000000080000000, 0x00000000b8480000, 0x00000000d5580000)
  object space 922112K, 50% used [0x0000000080000000,0x000000009c4aec60,0x00000000b8480000)
 Metaspace       used 91002K, committed 92800K, reserved 1179648K
  class space    used 9601K, committed 10432K, reserved 1048576K
}
Event: 776.974 GC heap before
{Heap before GC invocations=2064 (full 4):
 PSYoungGen      total 10752K, used 9984K [0x00000000d5580000, 0x00000000d6080000, 0x0000000100000000)
  eden space 9728K, 100% used [0x00000000d5580000,0x00000000d5f00000,0x00000000d5f00000)
  from space 1024K, 25% used [0x00000000d5f00000,0x00000000d5f40000,0x00000000d6000000)
  to   space 512K, 0% used [0x00000000d6000000,0x00000000d6000000,0x00000000d6080000)
 ParOldGen       total 922112K, used 463547K [0x0000000080000000, 0x00000000b8480000, 0x00000000d5580000)
  object space 922112K, 50% used [0x0000000080000000,0x000000009c4aec60,0x00000000b8480000)
 Metaspace       used 91176K, committed 92992K, reserved 1179648K
  class space    used 9617K, committed 10432K, reserved 1048576K
}
Event: 776.977 GC heap after
{Heap after GC invocations=2064 (full 4):
 PSYoungGen      total 10240K, used 480K [0x00000000d5580000, 0x00000000d6100000, 0x0000000100000000)
  eden space 9728K, 0% used [0x00000000d5580000,0x00000000d5580000,0x00000000d5f00000)
  from space 512K, 93% used [0x00000000d6000000,0x00000000d6078000,0x00000000d6080000)
  to   space 1024K, 0% used [0x00000000d5f00000,0x00000000d5f00000,0x00000000d6000000)
 ParOldGen       total 922112K, used 463691K [0x0000000080000000, 0x00000000b8480000, 0x00000000d5580000)
  object space 922112K, 50% used [0x0000000080000000,0x000000009c4d2c60,0x00000000b8480000)
 Metaspace       used 91176K, committed 92992K, reserved 1179648K
  class space    used 9617K, committed 10432K, reserved 1048576K
}
Event: 777.208 GC heap before
{Heap before GC invocations=2065 (full 4):
 PSYoungGen      total 10240K, used 10208K [0x00000000d5580000, 0x00000000d6100000, 0x0000000100000000)
  eden space 9728K, 100% used [0x00000000d5580000,0x00000000d5f00000,0x00000000d5f00000)
  from space 512K, 93% used [0x00000000d6000000,0x00000000d6078000,0x00000000d6080000)
  to   space 1024K, 0% used [0x00000000d5f00000,0x00000000d5f00000,0x00000000d6000000)
 ParOldGen       total 922112K, used 463691K [0x0000000080000000, 0x00000000b8480000, 0x00000000d5580000)
  object space 922112K, 50% used [0x0000000080000000,0x000000009c4d2c60,0x00000000b8480000)
 Metaspace       used 91192K, committed 92992K, reserved 1179648K
  class space    used 9618K, committed 10432K, reserved 1048576K
}
Event: 777.212 GC heap after
{Heap after GC invocations=2065 (full 4):
 PSYoungGen      total 10752K, used 352K [0x00000000d5580000, 0x00000000d6080000, 0x0000000100000000)
  eden space 9728K, 0% used [0x00000000d5580000,0x00000000d5580000,0x00000000d5f00000)
  from space 1024K, 34% used [0x00000000d5f00000,0x00000000d5f58000,0x00000000d6000000)
  to   space 512K, 0% used [0x00000000d6000000,0x00000000d6000000,0x00000000d6080000)
 ParOldGen       total 922112K, used 464064K [0x0000000080000000, 0x00000000b8480000, 0x00000000d5580000)
  object space 922112K, 50% used [0x0000000080000000,0x000000009c530398,0x00000000b8480000)
 Metaspace       used 91192K, committed 92992K, reserved 1179648K
  class space    used 9618K, committed 10432K, reserved 1048576K
}
Event: 777.559 GC heap before
{Heap before GC invocations=2066 (full 4):
 PSYoungGen      total 10752K, used 9664K [0x00000000d5580000, 0x00000000d6080000, 0x0000000100000000)
  eden space 9728K, 95% used [0x00000000d5580000,0x00000000d5e98160,0x00000000d5f00000)
  from space 1024K, 34% used [0x00000000d5f00000,0x00000000d5f58000,0x00000000d6000000)
  to   space 512K, 0% used [0x00000000d6000000,0x00000000d6000000,0x00000000d6080000)
 ParOldGen       total 922112K, used 464064K [0x0000000080000000, 0x00000000b8480000, 0x00000000d5580000)
  object space 922112K, 50% used [0x0000000080000000,0x000000009c530398,0x00000000b8480000)
 Metaspace       used 91213K, committed 92992K, reserved 1179648K
  class space    used 9619K, committed 10432K, reserved 1048576K
}
Event: 777.561 GC heap after
{Heap after GC invocations=2066 (full 4):
 PSYoungGen      total 10240K, used 288K [0x00000000d5580000, 0x00000000d6080000, 0x0000000100000000)
  eden space 9728K, 0% used [0x00000000d5580000,0x00000000d5580000,0x00000000d5f00000)
  from space 512K, 56% used [0x00000000d6000000,0x00000000d6048000,0x00000000d6080000)
  to   space 512K, 0% used [0x00000000d5f80000,0x00000000d5f80000,0x00000000d6000000)
 ParOldGen       total 922112K, used 464160K [0x0000000080000000, 0x00000000b8480000, 0x00000000d5580000)
  object space 922112K, 50% used [0x0000000080000000,0x000000009c548398,0x00000000b8480000)
 Metaspace       used 91213K, committed 92992K, reserved 1179648K
  class space    used 9619K, committed 10432K, reserved 1048576K
}
Event: 777.824 GC heap before
{Heap before GC invocations=2067 (full 4):
 PSYoungGen      total 10240K, used 10016K [0x00000000d5580000, 0x00000000d6080000, 0x0000000100000000)
  eden space 9728K, 100% used [0x00000000d5580000,0x00000000d5f00000,0x00000000d5f00000)
  from space 512K, 56% used [0x00000000d6000000,0x00000000d6048000,0x00000000d6080000)
  to   space 512K, 0% used [0x00000000d5f80000,0x00000000d5f80000,0x00000000d6000000)
 ParOldGen       total 922112K, used 464160K [0x0000000080000000, 0x00000000b8480000, 0x00000000d5580000)
  object space 922112K, 50% used [0x0000000080000000,0x000000009c548398,0x00000000b8480000)
 Metaspace       used 91304K, committed 93056K, reserved 1179648K
  class space    used 9624K, committed 10432K, reserved 1048576K
}
Event: 777.836 GC heap after
{Heap after GC invocations=2067 (full 4):
 PSYoungGen      total 10240K, used 509K [0x00000000d5580000, 0x00000000d6a00000, 0x0000000100000000)
  eden space 9728K, 0% used [0x00000000d5580000,0x00000000d5580000,0x00000000d5f00000)
  from space 512K, 99% used [0x00000000d5f80000,0x00000000d5fff698,0x00000000d6000000)
  to   space 5632K, 0% used [0x00000000d6480000,0x00000000d6480000,0x00000000d6a00000)
 ParOldGen       total 922112K, used 468457K [0x0000000080000000, 0x00000000b8480000, 0x00000000d5580000)
  object space 922112K, 50% used [0x0000000080000000,0x000000009c97a5d0,0x00000000b8480000)
 Metaspace       used 91304K, committed 93056K, reserved 1179648K
  class space    used 9624K, committed 10432K, reserved 1048576K
}
Event: 778.192 GC heap before
{Heap before GC invocations=2068 (full 4):
 PSYoungGen      total 10240K, used 10237K [0x00000000d5580000, 0x00000000d6a00000, 0x0000000100000000)
  eden space 9728K, 100% used [0x00000000d5580000,0x00000000d5f00000,0x00000000d5f00000)
  from space 512K, 99% used [0x00000000d5f80000,0x00000000d5fff698,0x00000000d6000000)
  to   space 5632K, 0% used [0x00000000d6480000,0x00000000d6480000,0x00000000d6a00000)
 ParOldGen       total 922112K, used 468457K [0x0000000080000000, 0x00000000b8480000, 0x00000000d5580000)
  object space 922112K, 50% used [0x0000000080000000,0x000000009c97a5d0,0x00000000b8480000)
 Metaspace       used 91473K, committed 93248K, reserved 1179648K
  class space    used 9626K, committed 10432K, reserved 1048576K
}
Event: 778.198 GC heap after
{Heap after GC invocations=2068 (full 4):
 PSYoungGen      total 11776K, used 1632K [0x00000000d5580000, 0x00000000d6680000, 0x0000000100000000)
  eden space 9728K, 0% used [0x00000000d5580000,0x00000000d5580000,0x00000000d5f00000)
  from space 2048K, 79% used [0x00000000d6480000,0x00000000d6618020,0x00000000d6680000)
  to   space 3072K, 0% used [0x00000000d6080000,0x00000000d6080000,0x00000000d6380000)
 ParOldGen       total 922112K, used 468978K [0x0000000080000000, 0x00000000b8480000, 0x00000000d5580000)
  object space 922112K, 50% used [0x0000000080000000,0x000000009c9fcb40,0x00000000b8480000)
 Metaspace       used 91473K, committed 93248K, reserved 1179648K
  class space    used 9626K, committed 10432K, reserved 1048576K
}
Event: 778.471 GC heap before
{Heap before GC invocations=2069 (full 4):
 PSYoungGen      total 11776K, used 11360K [0x00000000d5580000, 0x00000000d6680000, 0x0000000100000000)
  eden space 9728K, 100% used [0x00000000d5580000,0x00000000d5f00000,0x00000000d5f00000)
  from space 2048K, 79% used [0x00000000d6480000,0x00000000d6618020,0x00000000d6680000)
  to   space 3072K, 0% used [0x00000000d6080000,0x00000000d6080000,0x00000000d6380000)
 ParOldGen       total 922112K, used 468978K [0x0000000080000000, 0x00000000b8480000, 0x00000000d5580000)
  object space 922112K, 50% used [0x0000000080000000,0x000000009c9fcb40,0x00000000b8480000)
 Metaspace       used 91533K, committed 93312K, reserved 1179648K
  class space    used 9626K, committed 10432K, reserved 1048576K
}
Event: 778.550 GC heap after
{Heap after GC invocations=2069 (full 4):
 PSYoungGen      total 12800K, used 3051K [0x00000000d5580000, 0x00000000d6f00000, 0x0000000100000000)
  eden space 9728K, 0% used [0x00000000d5580000,0x00000000d5580000,0x00000000d5f00000)
  from space 3072K, 99% used [0x00000000d6080000,0x00000000d637af70,0x00000000d6380000)
  to   space 8192K, 0% used [0x00000000d6700000,0x00000000d6700000,0x00000000d6f00000)
 ParOldGen       total 922112K, used 472797K [0x0000000080000000, 0x00000000b8480000, 0x00000000d5580000)
  object space 922112K, 51% used [0x0000000080000000,0x000000009cdb7670,0x00000000b8480000)
 Metaspace       used 91533K, committed 93312K, reserved 1179648K
  class space    used 9626K, committed 10432K, reserved 1048576K
}

